[1m[92m    Updating[0m crates.io index
[1m[92m Downloading[0m crates ...
[1m[92m  Downloaded[0m bytecheck_derive v0.6.12
[1m[92m  Downloaded[0m tap v1.0.1
[1m[92m  Downloaded[0m proc-macro-crate v3.4.0
[1m[92m  Downloaded[0m borsh-derive v1.5.7
[1m[92m  Downloaded[0m bytecheck v0.6.12
[1m[92m  Downloaded[0m ptr_meta_derive v0.1.4
[1m[92m  Downloaded[0m funty v2.0.0
[1m[92m  Downloaded[0m ptr_meta v0.1.4
[1m[92m  Downloaded[0m wyz v0.5.1
[1m[92m  Downloaded[0m radium v0.7.0
[1m[92m  Downloaded[0m ahash v0.7.8
[1m[92m  Downloaded[0m toml_datetime v0.7.3
[1m[92m  Downloaded[0m toml_parser v1.0.4
[1m[92m  Downloaded[0m seahash v4.1.0
[1m[92m  Downloaded[0m hashbrown v0.12.3
[1m[92m  Downloaded[0m rend v0.4.2
[1m[92m  Downloaded[0m toml_edit v0.23.7
[1m[92m  Downloaded[0m bitvec v1.0.1
[1m[92m  Downloaded[0m rkyv v0.7.45
[1m[92m  Downloaded[0m borsh v1.5.7
[1m[92m  Downloaded[0m simdutf8 v0.1.5
[1m[92m  Downloaded[0m rkyv_derive v0.7.45
[1m[92m  Downloaded[0m rust_decimal v1.39.0
[1m[92m  Downloaded[0m syn v1.0.109
[1m[92m    Finished[0m `dev` profile [unoptimized + debuginfo] target(s) in 0.65s
