[1m[92m    Updating[0m crates.io index
[1m[92m Downloading[0m crates ...
[1m[92m  Downloaded[0m cargo-audit v0.22.0
[1m[92m  Installing[0m cargo-audit v0.22.0
[1m[92m    Updating[0m crates.io index
[1m[92m     Locking[0m 377 packages to latest compatible versions
[1m[92m      Adding[0m abscissa_core v0.8.2 [1m[33m(available: v0.9.0)[0m
[1m[92m      Adding[0m generic-array v0.14.7 [1m[33m(available: v0.14.9)[0m
[1m[92m Downloading[0m crates ...
[1m[92m  Downloaded[0m auditable-serde v0.9.0
[1m[92m  Downloaded[0m auditable-info v0.10.0
[1m[92m  Downloaded[0m auditable-extract v0.3.5
[1m[92m  Downloaded[0m binfarce v0.2.1
[1m[92m  Downloaded[0m abscissa_core v0.8.2
[1m[92m  Downloaded[0m allocator-api2 v0.2.21
[1m[92m  Downloaded[0m abscissa_derive v0.8.2
[1m[92m  Downloaded[0m async-compression v0.4.33
[1m[92m  Downloaded[0m secrecy v0.10.3
[1m[92m  Downloaded[0m bstr v1.12.1
[1m[92m  Downloaded[0m synstructure v0.12.6
[1m[92m  Downloaded[0m quitters v0.1.0
[1m[92m  Downloaded[0m gix-attributes v0.28.1
[1m[92m  Downloaded[0m io-close v0.3.7
[1m[92m  Downloaded[0m matchers v0.2.0
[1m[92m  Downloaded[0m gix-sec v0.12.2
[1m[92m  Downloaded[0m serde_spanned v1.0.3
[1m[92m  Downloaded[0m unicode-bom v2.0.3
[1m[92m  Downloaded[0m wait-timeout v0.2.1
[1m[92m  Downloaded[0m tracing-attributes v0.1.30
[1m[92m  Downloaded[0m toml-span v0.6.0
[1m[92m  Downloaded[0m toml v0.9.8
[1m[92m  Downloaded[0m tame-index v0.24.1
[1m[92m  Downloaded[0m sharded-slab v0.1.7
[1m[92m  Downloaded[0m unicode-normalization v0.1.25
[1m[92m  Downloaded[0m heapless v0.8.0
[1m[92m  Downloaded[0m gix-pack v0.61.1
[1m[92m  Downloaded[0m hashbrown v0.15.5
[1m[92m  Downloaded[0m rustsec v0.31.0
[1m[92m  Downloaded[0m zlib-rs v0.5.2
[1m[92m  Downloaded[0m wasmparser v0.207.0
[1m[92m  Downloaded[0m tracing-subscriber v0.3.20
[1m[92m  Downloaded[0m rayon-core v1.13.0
[1m[92m  Downloaded[0m gix-transport v0.49.1
[1m[92m  Downloaded[0m bytes v1.11.0
[1m[92m  Downloaded[0m color-eyre v0.6.5
[1m[92m  Downloaded[0m petgraph v0.8.3
[1m[92m  Downloaded[0m prodash v30.0.1
[1m[92m  Downloaded[0m gix-validate v0.10.1
[1m[92m  Downloaded[0m gix-command v0.6.3
[1m[92m  Downloaded[0m gix v0.74.1
[1m[92m  Downloaded[0m toml_writer v1.0.4
[1m[92m  Downloaded[0m smol_str v0.3.4
[1m[92m  Downloaded[0m rustc-stable-hash v0.1.2
[1m[92m  Downloaded[0m owo-colors v4.2.3
[1m[92m  Downloaded[0m nu-ansi-term v0.50.3
[1m[92m  Downloaded[0m gix-worktree-state v0.21.0
[1m[92m  Downloaded[0m gix-submodule v0.21.0
[1m[92m  Downloaded[0m gix-revision v0.36.1
[1m[92m  Downloaded[0m gix-ref v0.54.1
[1m[92m  Downloaded[0m faster-hex v0.10.0
[1m[92m  Downloaded[0m crossbeam-deque v0.8.6
[1m[92m  Downloaded[0m compression-core v0.4.30
[1m[92m  Downloaded[0m unicode-xid v0.2.6
[1m[92m  Downloaded[0m uluru v3.1.0
[1m[92m  Downloaded[0m tracing-log v0.2.0
[1m[92m  Downloaded[0m topological-sort v0.2.2
[1m[92m  Downloaded[0m thread_local v1.1.9
[1m[92m  Downloaded[0m static_assertions v1.1.0
[1m[92m  Downloaded[0m shell-words v1.1.0
[1m[92m  Downloaded[0m rayon v1.11.0
[1m[92m  Downloaded[0m gix-shallow v0.6.0
[1m[92m  Downloaded[0m gix-object v0.51.1
[1m[92m  Downloaded[0m gix-glob v0.22.1
[1m[92m  Downloaded[0m fixedbitset v0.5.7
[1m[92m  Downloaded[0m crossbeam-epoch v0.9.18
[1m[92m  Downloaded[0m camino v1.2.1
[1m[92m  Downloaded[0m hash32 v0.3.1
[1m[92m  Downloaded[0m gix-worktree v0.43.1
[1m[92m  Downloaded[0m gix-pathspec v0.13.0
[1m[92m  Downloaded[0m gix-fs v0.17.0
[1m[92m  Downloaded[0m gix-credentials v0.31.1
[1m[92m  Downloaded[0m gix-chunk v0.4.12
[1m[92m  Downloaded[0m sha1-checked v0.10.0
[1m[92m  Downloaded[0m cc v1.2.46
[1m[92m  Downloaded[0m platforms v3.7.0
[1m[92m  Downloaded[0m maybe-async v0.2.10
[1m[92m  Downloaded[0m kstring v2.0.2
[1m[92m  Downloaded[0m gix-traverse v0.48.0
[1m[92m  Downloaded[0m gix-hashtable v0.10.0
[1m[92m  Downloaded[0m gix-actor v0.35.6
[1m[92m  Downloaded[0m crossbeam-channel v0.5.15
[1m[92m  Downloaded[0m gix-path v0.10.21
[1m[92m  Downloaded[0m gix-config v0.47.1
[1m[92m  Downloaded[0m fs-err v3.1.3
[1m[92m  Downloaded[0m foldhash v0.1.5
[1m[92m  Downloaded[0m eyre v0.6.12
[1m[92m  Downloaded[0m compression-codecs v0.4.32
[1m[92m  Downloaded[0m clru v0.6.2
[1m[92m  Downloaded[0m libz-rs-sys v0.5.2
[1m[92m  Downloaded[0m ident_case v1.0.1
[1m[92m  Downloaded[0m gix-utils v0.3.1
[1m[92m  Downloaded[0m gix-url v0.33.1
[1m[92m  Downloaded[0m gix-trace v0.1.15
[1m[92m  Downloaded[0m gix-revwalk v0.22.0
[1m[92m  Downloaded[0m gix-refspec v0.32.0
[1m[92m  Downloaded[0m gix-protocol v0.52.1
[1m[92m  Downloaded[0m gix-prompt v0.11.2
[1m[92m  Downloaded[0m gix-packetline-blocking v0.19.3
[1m[92m  Downloaded[0m gix-packetline v0.19.3
[1m[92m  Downloaded[0m gix-odb v0.71.1
[1m[92m  Downloaded[0m gix-negotiate v0.22.0
[1m[92m  Downloaded[0m gix-lock v19.0.0
[1m[92m  Downloaded[0m gix-filter v0.21.0
[1m[92m  Downloaded[0m gix-config-value v0.15.3
[1m[92m  Downloaded[0m foldhash v0.2.0
[1m[92m  Downloaded[0m display-error-chain v0.2.2
[1m[92m  Downloaded[0m cargo-lock v11.0.0
[1m[92m  Downloaded[0m indenter v0.3.4
[1m[92m  Downloaded[0m gix-tempfile v19.0.1
[1m[92m  Downloaded[0m gix-ignore v0.17.1
[1m[92m  Downloaded[0m gix-diff v0.54.1
[1m[92m  Downloaded[0m gix-date v0.10.7
[1m[92m  Downloaded[0m gix-bitmap v0.2.15
[1m[92m  Downloaded[0m cvss v2.2.0
[1m[92m  Downloaded[0m crossbeam-utils v0.8.21
[1m[92m  Downloaded[0m canonical-path v2.0.2
[1m[92m  Downloaded[0m gix-quote v0.6.1
[1m[92m  Downloaded[0m gix-index v0.42.1
[1m[92m  Downloaded[0m gix-hash v0.20.1
[1m[92m  Downloaded[0m gix-features v0.44.1
[1m[92m  Downloaded[0m gix-discover v0.42.0
[1m[92m  Downloaded[0m gix-commitgraph v0.30.1
[1m[92m  Downloaded[0m find-msvc-tools v0.1.5
[1m[92m   Compiling[0m proc-macro2 v1.0.103
[1m[92m   Compiling[0m quote v1.0.42
[1m[92m   Compiling[0m unicode-ident v1.0.22
[1m[92m   Compiling[0m memchr v2.7.6
[1m[92m   Compiling[0m libc v0.2.177
[1m[92m   Compiling[0m cfg-if v1.0.4
[1m[92m   Compiling[0m smallvec v1.15.1
[1m[92m   Compiling[0m regex-syntax v0.8.8
[1m[92m   Compiling[0m once_cell v1.21.3
[1m[92m   Compiling[0m thiserror v2.0.17
[1m[92m   Compiling[0m bytes v1.11.0
[1m[92m   Compiling[0m stable_deref_trait v1.2.1
[1m[92m   Compiling[0m tinyvec_macros v0.1.1
[1m[92m   Compiling[0m crossbeam-utils v0.8.21
[1m[92m   Compiling[0m crc32fast v1.5.0
[1m[92m   Compiling[0m gix-trace v0.1.15
[1m[92m   Compiling[0m fastrand v2.3.0
[1m[92m   Compiling[0m tinyvec v1.10.0
[1m[92m   Compiling[0m parking_lot_core v0.9.12
[1m[92m   Compiling[0m home v0.5.12
[1m[92m   Compiling[0m scopeguard v1.2.0
[1m[92m   Compiling[0m lock_api v0.4.14
[1m[92m   Compiling[0m itoa v1.0.15
[1m[92m   Compiling[0m zlib-rs v0.5.2
[1m[92m   Compiling[0m bitflags v2.10.0
[1m[92m   Compiling[0m same-file v1.0.6
[1m[92m   Compiling[0m equivalent v1.0.2
[1m[92m   Compiling[0m allocator-api2 v0.2.21
[1m[92m   Compiling[0m foldhash v0.2.0
[1m[92m   Compiling[0m serde_core v1.0.228
[1m[92m   Compiling[0m version_check v0.9.5
[1m[92m   Compiling[0m walkdir v2.5.0
[1m[92m   Compiling[0m typenum v1.19.0
[1m[92m   Compiling[0m aho-corasick v1.1.4
[1m[92m   Compiling[0m unicode-normalization v0.1.25
[1m[92m   Compiling[0m byteorder v1.5.0
[1m[92m   Compiling[0m heapless v0.8.0
[1m[92m   Compiling[0m generic-array v0.14.7
[1m[92m   Compiling[0m hashbrown v0.16.0
[1m[92m   Compiling[0m crossbeam-channel v0.5.15
[1m[92m   Compiling[0m hash32 v0.3.1
[1m[92m   Compiling[0m winnow v0.7.13
[1m[92m   Compiling[0m syn v2.0.110
[1m[92m   Compiling[0m cpufeatures v0.2.17
[1m[92m   Compiling[0m serde v1.0.228
[1m[92m   Compiling[0m gix-utils v0.3.1
[1m[92m   Compiling[0m jiff v0.2.16
[1m[92m   Compiling[0m rustix v1.1.2
[1m[92m   Compiling[0m linux-raw-sys v0.11.0
[1m[92m   Compiling[0m faster-hex v0.10.0
[1m[92m   Compiling[0m regex-automata v0.4.13
[1m[92m   Compiling[0m pin-project-lite v0.2.16
[1m[92m   Compiling[0m memmap2 v0.9.9
[1m[92m   Compiling[0m getrandom v0.3.4
[1m[92m   Compiling[0m parking_lot v0.12.5
[1m[92m   Compiling[0m futures-core v0.3.31
[1m[92m   Compiling[0m fnv v1.0.7
[1m[92m   Compiling[0m libz-rs-sys v0.5.2
[1m[92m   Compiling[0m writeable v0.6.2
[1m[92m   Compiling[0m litemap v0.8.1
[1m[92m   Compiling[0m mio v1.1.0
[1m[92m   Compiling[0m socket2 v0.6.1
[1m[92m   Compiling[0m icu_properties_data v2.1.1
[1m[92m   Compiling[0m icu_normalizer_data v2.1.1
[1m[92m   Compiling[0m indexmap v2.12.0
[1m[92m   Compiling[0m crypto-common v0.1.7
[1m[92m   Compiling[0m block-buffer v0.10.4
[1m[92m   Compiling[0m prodash v30.0.1
[1m[92m   Compiling[0m digest v0.10.7
[1m[92m   Compiling[0m tokio v1.48.0
[1m[92m   Compiling[0m sha1 v0.10.6
[1m[92m   Compiling[0m sha1-checked v0.10.0
[1m[92m   Compiling[0m percent-encoding v2.3.2
[1m[92m   Compiling[0m futures-sink v0.3.31
[1m[92m   Compiling[0m tempfile v3.23.0
[1m[92m   Compiling[0m shlex v1.3.0
[1m[92m   Compiling[0m find-msvc-tools v0.1.5
[1m[92m   Compiling[0m tracing-core v0.1.34
[1m[92m   Compiling[0m zeroize v1.8.2
[1m[92m   Compiling[0m cc v1.2.46
[1m[92m   Compiling[0m simd-adler32 v0.3.7
[1m[92m   Compiling[0m adler2 v2.0.1
[1m[92m   Compiling[0m http v1.3.1
[1m[92m   Compiling[0m slab v0.4.11
[1m[92m   Compiling[0m miniz_oxide v0.8.9
[1m[92m   Compiling[0m form_urlencoded v1.2.2
[1m[92m   Compiling[0m utf8_iter v1.0.4
[1m[92m   Compiling[0m pin-utils v0.1.0
[1m[92m   Compiling[0m rustls-pki-types v1.13.0
[1m[92m   Compiling[0m getrandom v0.2.16
[1m[92m   Compiling[0m untrusted v0.9.0
[1m[92m   Compiling[0m http-body v1.0.1
[1m[92m   Compiling[0m futures-io v0.3.31
[1m[92m   Compiling[0m unicode-bom v2.0.3
[1m[92m   Compiling[0m futures-task v0.3.31
[1m[92m   Compiling[0m httparse v1.10.1
[1m[92m   Compiling[0m try-lock v0.2.5
[1m[92m   Compiling[0m futures-util v0.3.31
[1m[92m   Compiling[0m tower-service v0.3.3
[1m[92m   Compiling[0m static_assertions v1.1.0
[1m[92m   Compiling[0m shell-words v1.1.0
[1m[92m   Compiling[0m rustls v0.23.35
[1m[92m   Compiling[0m ring v0.17.14
[1m[92m   Compiling[0m ryu v1.0.20
[1m[92m   Compiling[0m atomic-waker v1.1.2
[1m[92m   Compiling[0m kstring v2.0.2
[1m[92m   Compiling[0m want v0.3.1
[1m[92m   Compiling[0m futures-channel v0.3.31
[1m[92m   Compiling[0m gix-sec v0.12.2
[1m[92m   Compiling[0m subtle v2.6.1
[1m[92m   Compiling[0m log v0.4.28
[1m[92m   Compiling[0m flate2 v1.1.5
[1m[92m   Compiling[0m sync_wrapper v1.0.2
[1m[92m   Compiling[0m encoding_rs v0.8.35
[1m[92m   Compiling[0m autocfg v1.5.0
[1m[92m   Compiling[0m tower-layer v0.3.3
[1m[92m   Compiling[0m synstructure v0.13.2
[1m[92m   Compiling[0m compression-core v0.4.30
[1m[92m   Compiling[0m base64 v0.22.1
[1m[92m   Compiling[0m openssl-probe v0.1.6
[1m[92m   Compiling[0m ipnet v2.11.0
[1m[92m   Compiling[0m compression-codecs v0.4.32
[1m[92m   Compiling[0m semver v1.0.27
[1m[92m   Compiling[0m bstr v1.12.1
[1m[92m   Compiling[0m rustls-native-certs v0.8.2
[1m[92m   Compiling[0m iri-string v0.7.9
[1m[92m   Compiling[0m http-body-util v0.1.3
[1m[92m   Compiling[0m filetime v0.2.26
[1m[92m   Compiling[0m tokio-util v0.7.17
[1m[92m   Compiling[0m async-compression v0.4.33
[1m[92m   Compiling[0m arrayvec v0.7.6
[1m[92m   Compiling[0m serde_json v1.0.145
[1m[92m   Compiling[0m mime v0.3.17
[1m[92m   Compiling[0m uluru v3.1.0
[1m[92m   Compiling[0m crossbeam-epoch v0.9.18
[1m[92m   Compiling[0m rayon-core v1.13.0
[1m[92m   Compiling[0m arc-swap v1.7.1
[1m[92m   Compiling[0m clru v0.6.2
[1m[92m   Compiling[0m thiserror-impl v2.0.17
[1m[92m   Compiling[0m zerofrom-derive v0.1.6
[1m[92m   Compiling[0m serde_derive v1.0.228
[1m[92m   Compiling[0m yoke-derive v0.8.1
[1m[92m   Compiling[0m zerovec-derive v0.11.2
[1m[92m   Compiling[0m displaydoc v0.2.5
[1m[92m   Compiling[0m tracing-attributes v0.1.30
[1m[92m   Compiling[0m tower v0.5.2
[1m[92m   Compiling[0m utf8parse v0.2.2
[1m[92m   Compiling[0m syn v1.0.109
[1m[92m   Compiling[0m object v0.37.3
[1m[92m   Compiling[0m tower-http v0.6.6
[1m[92m   Compiling[0m anstyle-parse v0.2.7
[1m[92m   Compiling[0m maybe-async v0.2.10
[1m[92m   Compiling[0m crossbeam-deque v0.8.6
[1m[92m   Compiling[0m io-close v0.3.7
[1m[92m   Compiling[0m zerofrom v0.1.6
[1m[92m   Compiling[0m owo-colors v4.2.3
[1m[92m   Compiling[0m foldhash v0.1.5
[1m[92m   Compiling[0m colorchoice v1.0.4
[1m[92m   Compiling[0m yoke v0.8.1
[1m[92m   Compiling[0m gix-validate v0.10.1
[1m[92m   Compiling[0m gix-date v0.10.7
[1m[92m   Compiling[0m zerovec v0.11.5
[1m[92m   Compiling[0m zerotrie v0.2.3
[1m[92m   Compiling[0m gix-path v0.10.21
[1m[92m   Compiling[0m gix-chunk v0.4.12
[1m[92m   Compiling[0m gix-quote v0.6.1
[1m[92m   Compiling[0m gix-actor v0.35.6
[1m[92m   Compiling[0m tracing v0.1.41
[1m[92m   Compiling[0m gix-bitmap v0.2.15
[1m[92m   Compiling[0m gix-features v0.44.1
[1m[92m   Compiling[0m gix-config-value v0.15.3
[1m[92m   Compiling[0m gix-command v0.6.3
[1m[92m   Compiling[0m h2 v0.4.12
[1m[92m   Compiling[0m gix-packetline v0.19.3
[1m[92m   Compiling[0m tinystr v0.8.2
[1m[92m   Compiling[0m potential_utf v0.1.4
[1m[92m   Compiling[0m gix-hash v0.20.1
[1m[92m   Compiling[0m icu_locale_core v2.1.1
[1m[92m   Compiling[0m gix-fs v0.17.0
[1m[92m   Compiling[0m gix-hashtable v0.10.0
[1m[92m   Compiling[0m gix-object v0.51.1
[1m[92m   Compiling[0m gix-tempfile v19.0.1
[1m[92m   Compiling[0m icu_collections v2.1.1
[1m[92m   Compiling[0m gix-commitgraph v0.30.1
[1m[92m   Compiling[0m gix-lock v19.0.0
[1m[92m   Compiling[0m icu_provider v2.1.1
[1m[92m   Compiling[0m gix-glob v0.22.1
[1m[92m   Compiling[0m gix-prompt v0.11.2
[1m[92m   Compiling[0m gix-packetline-blocking v0.19.3
[1m[92m   Compiling[0m icu_properties v2.1.1
[1m[92m   Compiling[0m icu_normalizer v2.1.1
[1m[92m   Compiling[0m gix-revwalk v0.22.0
[1m[92m   Compiling[0m gix-attributes v0.28.1
[1m[92m   Compiling[0m gix-ref v0.54.1
[1m[92m   Compiling[0m gix-ignore v0.17.1
[1m[92m   Compiling[0m gix-revision v0.36.1
[1m[92m   Compiling[0m serde_urlencoded v0.7.1
[1m[92m   Compiling[0m gix-traverse v0.48.0
[1m[92m   Compiling[0m gix-filter v0.21.0
[1m[92m   Compiling[0m gix-pathspec v0.13.0
[1m[92m   Compiling[0m gix-refspec v0.32.0
[1m[92m   Compiling[0m idna_adapter v1.2.1
[1m[92m   Compiling[0m idna v1.1.0
[1m[92m   Compiling[0m hyper v1.8.1
[1m[92m   Compiling[0m gix-index v0.42.1
[1m[92m   Compiling[0m url v2.5.7
[1m[92m   Compiling[0m gix-config v0.47.1
[1m[92m   Compiling[0m hyper-util v0.1.18
[1m[92m   Compiling[0m gix-url v0.33.1
[1m[92m   Compiling[0m gix-worktree v0.43.1
[1m[92m   Compiling[0m rustls-webpki v0.103.8
[1m[92m   Compiling[0m gix-negotiate v0.22.0
[1m[92m   Compiling[0m gix-credentials v0.31.1
[1m[92m   Compiling[0m gix-pack v0.61.1
[1m[92m   Compiling[0m gix-shallow v0.6.0
[1m[92m   Compiling[0m anstyle-query v1.1.5
[1m[92m   Compiling[0m camino v1.2.1
[1m[92m   Compiling[0m is_terminal_polyfill v1.70.2
[1m[92m   Compiling[0m gimli v0.32.3
[1m[92m   Compiling[0m eyre v0.6.12
[1m[92m   Compiling[0m anstyle v1.0.13
[1m[92m   Compiling[0m gix-worktree-state v0.21.0
[1m[92m   Compiling[0m gix-submodule v0.21.0
[1m[92m   Compiling[0m anstream v0.6.21
[1m[92m   Compiling[0m gix-discover v0.42.0
[1m[92m   Compiling[0m serde_spanned v0.6.9
[1m[92m   Compiling[0m gix-odb v0.71.1
[1m[92m   Compiling[0m toml_datetime v0.6.11
[1m[92m   Compiling[0m gix-diff v0.54.1
[1m[92m   Compiling[0m hashbrown v0.15.5
[1m[92m   Compiling[0m regex v1.12.2
[1m[92m   Compiling[0m fs-err v3.1.3
[1m[92m   Compiling[0m fs-err v2.11.0
[1m[92m   Compiling[0m toml_datetime v0.7.3
[1m[92m   Compiling[0m serde_spanned v1.0.3
[1m[92m   Compiling[0m toml_parser v1.0.4
[1m[92m   Compiling[0m wasmparser v0.207.0
[1m[92m   Compiling[0m powerfmt v0.2.0
[1m[92m   Compiling[0m addr2line v0.25.1
[1m[92m   Compiling[0m toml_writer v1.0.4
[1m[92m   Compiling[0m strsim v0.11.1
[1m[92m   Compiling[0m heck v0.5.0
[1m[92m   Compiling[0m topological-sort v0.2.2
[1m[92m   Compiling[0m unicode-xid v0.2.6
[1m[92m   Compiling[0m rustc-demangle v0.1.26
[1m[92m   Compiling[0m toml_write v0.1.2
[1m[92m   Compiling[0m indenter v0.3.4
[1m[92m   Compiling[0m binfarce v0.2.1
[1m[92m   Compiling[0m lazy_static v1.5.0
[1m[92m   Compiling[0m clap_lex v0.7.6
[1m[92m   Compiling[0m either v1.15.0
[1m[92m   Compiling[0m fixedbitset v0.5.7
[1m[92m   Compiling[0m tokio-rustls v0.26.4
[1m[92m   Compiling[0m rayon v1.11.0
[1m[92m   Compiling[0m petgraph v0.8.3
[1m[92m   Compiling[0m clap_builder v4.5.51
[1m[92m   Compiling[0m sharded-slab v0.1.7
[1m[92m   Compiling[0m hyper-rustls v0.27.7
[1m[92m   Compiling[0m toml_edit v0.22.27
[1m[92m   Compiling[0m reqwest v0.12.24
[1m[92m   Compiling[0m auditable-extract v0.3.5
[1m[92m   Compiling[0m synstructure v0.12.6
[1m[92m   Compiling[0m clap_derive v4.5.49
[1m[92m   Compiling[0m auditable-serde v0.9.0
[1m[92m   Compiling[0m toml v0.9.8
[1m[92m   Compiling[0m deranged v0.5.5
[1m[92m   Compiling[0m backtrace v0.3.76
[1m[92m   Compiling[0m gix-transport v0.49.1
[1m[92m   Compiling[0m matchers v0.2.0
[1m[92m   Compiling[0m tracing-log v0.2.0
[1m[92m   Compiling[0m smol_str v0.3.4
[1m[92m   Compiling[0m toml-span v0.6.0
[1m[92m   Compiling[0m thread_local v1.1.9
[1m[92m   Compiling[0m rustc-stable-hash v0.1.2
[1m[92m   Compiling[0m nu-ansi-term v0.50.3
[1m[92m   Compiling[0m ident_case v1.0.1
[1m[92m   Compiling[0m num-conv v0.1.0
[1m[92m   Compiling[0m twox-hash v2.1.2
[1m[92m   Compiling[0m time-core v0.1.6
[1m[92m   Compiling[0m abscissa_derive v0.8.2
[1m[92m   Compiling[0m color-eyre v0.6.5
[1m[92m   Compiling[0m time v0.3.44
[1m[92m   Compiling[0m gix-protocol v0.52.1
[1m[92m   Compiling[0m tracing-subscriber v0.3.20
[1m[92m   Compiling[0m clap v4.5.51
[1m[92m   Compiling[0m toml v0.8.23
[1m[92m   Compiling[0m cargo-lock v11.0.0
[1m[92m   Compiling[0m gix v0.74.1
[1m[92m   Compiling[0m auditable-info v0.10.0
[1m[92m   Compiling[0m quitters v0.1.0
[1m[92m   Compiling[0m cvss v2.2.0
[1m[92m   Compiling[0m platforms v3.7.0
[1m[92m   Compiling[0m secrecy v0.10.3
[1m[92m   Compiling[0m wait-timeout v0.2.1
[1m[92m   Compiling[0m termcolor v1.4.1
[1m[92m   Compiling[0m canonical-path v2.0.2
[1m[92m   Compiling[0m display-error-chain v0.2.2
[1m[92m   Compiling[0m abscissa_core v0.8.2
[1m[92m   Compiling[0m tame-index v0.24.1
[1m[92m   Compiling[0m rustsec v0.31.0
[1m[92m   Compiling[0m cargo-audit v0.22.0
[1m[92m    Finished[0m `release` profile [optimized] target(s) in 1m 14s
[1m[92m  Installing[0m /root/.cargo/bin/cargo-audit
[1m[92m   Installed[0m package `cargo-audit v0.22.0` (executable `cargo-audit`)
